0 info it worked if it ends with ok
1 verbose cli [ 'C:\\Program Files\\nodejs\\node.exe',
1 verbose cli   'C:\\Program Files\\nodejs\\node_modules\\npm\\bin\\npm-cli.js',
1 verbose cli   'run',
1 verbose cli   'start' ]
2 info using npm@3.10.10
3 info using node@v6.11.0
4 verbose run-script [ 'prestart', 'start', 'poststart' ]
5 info lifecycle realtime-chart-websockets@1.0.0~prestart: realtime-chart-websockets@1.0.0
6 silly lifecycle realtime-chart-websockets@1.0.0~prestart: no script for prestart, continuing
7 info lifecycle realtime-chart-websockets@1.0.0~start: realtime-chart-websockets@1.0.0
8 verbose lifecycle realtime-chart-websockets@1.0.0~start: unsafe-perm in lifecycle true
9 verbose lifecycle realtime-chart-websockets@1.0.0~start: PATH: C:\Users\asharm28\AppData\Roaming\nvm\v6.11.0\node_modules\npm\bin\node-gyp-bin;C:\Users\asharm28\OneDrive - Waste Management\Desktop\websocket\youtube\realtime-chart-websockets\node_modules\.bin;C:\Program Files (x86)\RSA SecurID Token Common;C:\ProgramData\Oracle\Java\javapath;C:\WINDOWS\system32;C:\WINDOWS;C:\WINDOWS\System32\Wbem;C:\WINDOWS\System32\WindowsPowerShell\v1.0\;C:\WINDOWS\System32\OpenSSH\;C:\Program Files (x86)\IBM\Client Access\Emulator;C:\Program Files (x86)\IBM\Client Access\Shared;C:\Program Files (x86)\IBM\Client Access\;c:\Program Files\1E\NomadBranch\;C:\Users\asharm28\AppData\Roaming\nvm;C:\Program Files\nodejs;C:\Program Files\Git\cmd;C:\Program Files\TortoiseGit\bin;C:\Python\Scripts;;C:\Program Files\Docker\Docker\resources\bin;C:\ProgramData\DockerDesktop\version-bin;C:\Python\Scripts\;C:\Python\;C:\Users\asharm28\AppData\Local\Microsoft\WindowsApps;C:\Users\asharm28\AppData\Roaming\npm;C:\Users\asharm28\AppData\Local\Programs\Microsoft VS Code\bin;C:\Users\asharm28\AppData\Roaming\nvm;C:\Program Files\nodejs;C:\Users\asharm28\AppData\Local\atom\bin;C:\Users\asharm28\AppData\Local\GitHubDesktop\bin;%USERPROFILE%\AppData\Local\Microsoft\WindowsApps;
10 verbose lifecycle realtime-chart-websockets@1.0.0~start: CWD: C:\Users\asharm28\OneDrive - Waste Management\Desktop\websocket\youtube\realtime-chart-websockets
11 silly lifecycle realtime-chart-websockets@1.0.0~start: Args: [ '/d /s /c', 'npm run start:client & npm run start:server' ]
12 silly lifecycle realtime-chart-websockets@1.0.0~start: Returned: code: 1  signal: null
13 info lifecycle realtime-chart-websockets@1.0.0~start: Failed to exec start script
14 verbose stack Error: realtime-chart-websockets@1.0.0 start: `npm run start:client & npm run start:server`
14 verbose stack Exit status 1
14 verbose stack     at EventEmitter.<anonymous> (C:\Users\asharm28\AppData\Roaming\nvm\v6.11.0\node_modules\npm\lib\utils\lifecycle.js:255:16)
14 verbose stack     at emitTwo (events.js:106:13)
14 verbose stack     at EventEmitter.emit (events.js:191:7)
14 verbose stack     at ChildProcess.<anonymous> (C:\Users\asharm28\AppData\Roaming\nvm\v6.11.0\node_modules\npm\lib\utils\spawn.js:40:14)
14 verbose stack     at emitTwo (events.js:106:13)
14 verbose stack     at ChildProcess.emit (events.js:191:7)
14 verbose stack     at maybeClose (internal/child_process.js:891:16)
14 verbose stack     at Process.ChildProcess._handle.onexit (internal/child_process.js:226:5)
15 verbose pkgid realtime-chart-websockets@1.0.0
16 verbose cwd C:\Users\asharm28\OneDrive - Waste Management\Desktop\websocket\youtube\realtime-chart-websockets
17 error Windows_NT 10.0.18363
18 error argv "C:\\Program Files\\nodejs\\node.exe" "C:\\Program Files\\nodejs\\node_modules\\npm\\bin\\npm-cli.js" "run" "start"
19 error node v6.11.0
20 error npm  v3.10.10
21 error code ELIFECYCLE
22 error realtime-chart-websockets@1.0.0 start: `npm run start:client & npm run start:server`
22 error Exit status 1
23 error Failed at the realtime-chart-websockets@1.0.0 start script 'npm run start:client & npm run start:server'.
23 error Make sure you have the latest version of node.js and npm installed.
23 error If you do, this is most likely a problem with the realtime-chart-websockets package,
23 error not with npm itself.
23 error Tell the author that this fails on your system:
23 error     npm run start:client & npm run start:server
23 error You can get information on how to open an issue for this project with:
23 error     npm bugs realtime-chart-websockets
23 error Or if that isn't available, you can get their info via:
23 error     npm owner ls realtime-chart-websockets
23 error There is likely additional logging output above.
24 verbose exit [ 1, true ]
